[0.103s] DEBUG:colcon:Command line arguments: ['/usr/bin/colcon', 'build']
[0.103s] DEBUG:colcon:Parsed command line arguments: Namespace(log_base=None, log_level=None, verb_name='build', build_base='build', install_base='install', merge_install=False, symlink_install=False, test_result_base=None, continue_on_error=False, executor='parallel', parallel_workers=4, event_handlers=None, ignore_user_meta=False, metas=['./colcon.meta'], base_paths=['.'], packages_ignore=None, packages_ignore_regex=None, paths=None, packages_up_to=None, packages_up_to_regex=None, packages_above=None, packages_above_and_dependencies=None, packages_above_depth=None, packages_select_by_dep=None, packages_skip_by_dep=None, packages_skip_up_to=None, packages_select_build_failed=False, packages_skip_build_finished=False, packages_select_test_failures=False, packages_skip_test_passed=False, packages_select=None, packages_skip=None, packages_select_regex=None, packages_skip_regex=None, packages_start=None, packages_end=None, allow_overriding=[], cmake_args=None, cmake_target=None, cmake_target_skip_unavailable=False, cmake_clean_cache=False, cmake_clean_first=False, cmake_force_configure=False, ament_cmake_args=None, catkin_cmake_args=None, catkin_skip_building_tests=False, verb_parser=<colcon_defaults.argument_parser.defaults.DefaultArgumentsDecorator object at 0x77f6dae54df0>, verb_extension=<colcon_core.verb.build.BuildVerb object at 0x77f6dafc6410>, main=<bound method BuildVerb.main of <colcon_core.verb.build.BuildVerb object at 0x77f6dafc6410>>)
[0.267s] Level 1:colcon.colcon_core.package_discovery:discover_packages(colcon_meta) check parameters
[0.268s] Level 1:colcon.colcon_core.package_discovery:discover_packages(recursive) check parameters
[0.268s] Level 1:colcon.colcon_core.package_discovery:discover_packages(ignore) check parameters
[0.268s] Level 1:colcon.colcon_core.package_discovery:discover_packages(path) check parameters
[0.268s] Level 1:colcon.colcon_core.package_discovery:discover_packages(colcon_meta) discover
[0.268s] Level 1:colcon.colcon_core.package_discovery:discover_packages(recursive) discover
[0.268s] INFO:colcon.colcon_core.package_discovery:Crawling recursively for packages in '/home/student/ros2_Ab/src'
[0.268s] Level 1:colcon.colcon_core.package_identification:_identify(.) by extensions ['ignore', 'ignore_ament_install']
[0.268s] Level 1:colcon.colcon_core.package_identification:_identify(.) by extension 'ignore'
[0.268s] Level 1:colcon.colcon_core.package_identification:_identify(.) by extension 'ignore_ament_install'
[0.268s] Level 1:colcon.colcon_core.package_identification:_identify(.) by extensions ['colcon_pkg']
[0.268s] Level 1:colcon.colcon_core.package_identification:_identify(.) by extension 'colcon_pkg'
[0.268s] Level 1:colcon.colcon_core.package_identification:_identify(.) by extensions ['colcon_meta']
[0.268s] Level 1:colcon.colcon_core.package_identification:_identify(.) by extension 'colcon_meta'
[0.268s] Level 1:colcon.colcon_core.package_identification:_identify(.) by extensions ['ros']
[0.268s] Level 1:colcon.colcon_core.package_identification:_identify(.) by extension 'ros'
[0.279s] Level 1:colcon.colcon_core.package_identification:_identify(.) by extensions ['cmake', 'python']
[0.279s] Level 1:colcon.colcon_core.package_identification:_identify(.) by extension 'cmake'
[0.279s] Level 1:colcon.colcon_core.package_identification:_identify(.) by extension 'python'
[0.279s] Level 1:colcon.colcon_core.package_identification:_identify(.) by extensions ['python_setup_py']
[0.279s] Level 1:colcon.colcon_core.package_identification:_identify(.) by extension 'python_setup_py'
[0.279s] Level 1:colcon.colcon_core.package_identification:_identify(build) by extensions ['ignore', 'ignore_ament_install']
[0.280s] Level 1:colcon.colcon_core.package_identification:_identify(build) by extension 'ignore'
[0.280s] Level 1:colcon.colcon_core.package_identification:_identify(build) ignored
[0.280s] Level 1:colcon.colcon_core.package_identification:_identify(camera_subscriber) by extensions ['ignore', 'ignore_ament_install']
[0.280s] Level 1:colcon.colcon_core.package_identification:_identify(camera_subscriber) by extension 'ignore'
[0.280s] Level 1:colcon.colcon_core.package_identification:_identify(camera_subscriber) by extension 'ignore_ament_install'
[0.280s] Level 1:colcon.colcon_core.package_identification:_identify(camera_subscriber) by extensions ['colcon_pkg']
[0.280s] Level 1:colcon.colcon_core.package_identification:_identify(camera_subscriber) by extension 'colcon_pkg'
[0.280s] Level 1:colcon.colcon_core.package_identification:_identify(camera_subscriber) by extensions ['colcon_meta']
[0.280s] Level 1:colcon.colcon_core.package_identification:_identify(camera_subscriber) by extension 'colcon_meta'
[0.280s] Level 1:colcon.colcon_core.package_identification:_identify(camera_subscriber) by extensions ['ros']
[0.280s] Level 1:colcon.colcon_core.package_identification:_identify(camera_subscriber) by extension 'ros'
[0.282s] DEBUG:colcon.colcon_core.package_identification:Package 'camera_subscriber' with type 'ros.ament_python' and name 'camera_subscriber'
[0.283s] Level 1:colcon.colcon_core.package_identification:_identify(install) by extensions ['ignore', 'ignore_ament_install']
[0.283s] Level 1:colcon.colcon_core.package_identification:_identify(install) by extension 'ignore'
[0.283s] Level 1:colcon.colcon_core.package_identification:_identify(install) ignored
[0.283s] Level 1:colcon.colcon_core.package_identification:_identify(log) by extensions ['ignore', 'ignore_ament_install']
[0.283s] Level 1:colcon.colcon_core.package_identification:_identify(log) by extension 'ignore'
[0.283s] Level 1:colcon.colcon_core.package_identification:_identify(log) ignored
[0.283s] Level 1:colcon.colcon_core.package_identification:_identify(usb_cam) by extensions ['ignore', 'ignore_ament_install']
[0.283s] Level 1:colcon.colcon_core.package_identification:_identify(usb_cam) by extension 'ignore'
[0.283s] Level 1:colcon.colcon_core.package_identification:_identify(usb_cam) by extension 'ignore_ament_install'
[0.283s] Level 1:colcon.colcon_core.package_identification:_identify(usb_cam) by extensions ['colcon_pkg']
[0.283s] Level 1:colcon.colcon_core.package_identification:_identify(usb_cam) by extension 'colcon_pkg'
[0.283s] Level 1:colcon.colcon_core.package_identification:_identify(usb_cam) by extensions ['colcon_meta']
[0.283s] Level 1:colcon.colcon_core.package_identification:_identify(usb_cam) by extension 'colcon_meta'
[0.283s] Level 1:colcon.colcon_core.package_identification:_identify(usb_cam) by extensions ['ros']
[0.283s] Level 1:colcon.colcon_core.package_identification:_identify(usb_cam) by extension 'ros'
[0.290s] DEBUG:colcon.colcon_core.package_identification:Package 'usb_cam' with type 'ros.ament_cmake' and name 'usb_cam'
[0.290s] Level 1:colcon.colcon_core.package_discovery:discover_packages(recursive) using defaults
[0.290s] Level 1:colcon.colcon_core.package_discovery:discover_packages(ignore) discover
[0.290s] Level 1:colcon.colcon_core.package_discovery:discover_packages(ignore) using defaults
[0.290s] Level 1:colcon.colcon_core.package_discovery:discover_packages(path) discover
[0.290s] Level 1:colcon.colcon_core.package_discovery:discover_packages(path) using defaults
[0.318s] Level 1:colcon.colcon_core.package_discovery:discover_packages(prefix_path) check parameters
[0.318s] Level 1:colcon.colcon_core.package_discovery:discover_packages(prefix_path) discover
[0.321s] DEBUG:colcon.colcon_installed_package_information.package_discovery:Found 315 installed packages in /opt/ros/humble
[0.322s] Level 1:colcon.colcon_core.package_discovery:discover_packages(prefix_path) using defaults
[0.363s] Level 5:colcon.colcon_core.verb:set package 'camera_subscriber' build argument 'cmake_args' from command line to 'None'
[0.363s] Level 5:colcon.colcon_core.verb:set package 'camera_subscriber' build argument 'cmake_target' from command line to 'None'
[0.363s] Level 5:colcon.colcon_core.verb:set package 'camera_subscriber' build argument 'cmake_target_skip_unavailable' from command line to 'False'
[0.363s] Level 5:colcon.colcon_core.verb:set package 'camera_subscriber' build argument 'cmake_clean_cache' from command line to 'False'
[0.363s] Level 5:colcon.colcon_core.verb:set package 'camera_subscriber' build argument 'cmake_clean_first' from command line to 'False'
[0.363s] Level 5:colcon.colcon_core.verb:set package 'camera_subscriber' build argument 'cmake_force_configure' from command line to 'False'
[0.363s] Level 5:colcon.colcon_core.verb:set package 'camera_subscriber' build argument 'ament_cmake_args' from command line to 'None'
[0.363s] Level 5:colcon.colcon_core.verb:set package 'camera_subscriber' build argument 'catkin_cmake_args' from command line to 'None'
[0.363s] Level 5:colcon.colcon_core.verb:set package 'camera_subscriber' build argument 'catkin_skip_building_tests' from command line to 'False'
[0.363s] DEBUG:colcon.colcon_core.verb:Building package 'camera_subscriber' with the following arguments: {'ament_cmake_args': None, 'build_base': '/home/student/ros2_Ab/src/build/camera_subscriber', 'catkin_cmake_args': None, 'catkin_skip_building_tests': False, 'cmake_args': None, 'cmake_clean_cache': False, 'cmake_clean_first': False, 'cmake_force_configure': False, 'cmake_target': None, 'cmake_target_skip_unavailable': False, 'install_base': '/home/student/ros2_Ab/src/install/camera_subscriber', 'merge_install': False, 'path': '/home/student/ros2_Ab/src/camera_subscriber', 'symlink_install': False, 'test_result_base': None}
[0.363s] Level 5:colcon.colcon_core.verb:set package 'usb_cam' build argument 'cmake_args' from command line to 'None'
[0.363s] Level 5:colcon.colcon_core.verb:set package 'usb_cam' build argument 'cmake_target' from command line to 'None'
[0.363s] Level 5:colcon.colcon_core.verb:set package 'usb_cam' build argument 'cmake_target_skip_unavailable' from command line to 'False'
[0.364s] Level 5:colcon.colcon_core.verb:set package 'usb_cam' build argument 'cmake_clean_cache' from command line to 'False'
[0.364s] Level 5:colcon.colcon_core.verb:set package 'usb_cam' build argument 'cmake_clean_first' from command line to 'False'
[0.364s] Level 5:colcon.colcon_core.verb:set package 'usb_cam' build argument 'cmake_force_configure' from command line to 'False'
[0.364s] Level 5:colcon.colcon_core.verb:set package 'usb_cam' build argument 'ament_cmake_args' from command line to 'None'
[0.364s] Level 5:colcon.colcon_core.verb:set package 'usb_cam' build argument 'catkin_cmake_args' from command line to 'None'
[0.364s] Level 5:colcon.colcon_core.verb:set package 'usb_cam' build argument 'catkin_skip_building_tests' from command line to 'False'
[0.364s] DEBUG:colcon.colcon_core.verb:Building package 'usb_cam' with the following arguments: {'ament_cmake_args': None, 'build_base': '/home/student/ros2_Ab/src/build/usb_cam', 'catkin_cmake_args': None, 'catkin_skip_building_tests': False, 'cmake_args': None, 'cmake_clean_cache': False, 'cmake_clean_first': False, 'cmake_force_configure': False, 'cmake_target': None, 'cmake_target_skip_unavailable': False, 'install_base': '/home/student/ros2_Ab/src/install/usb_cam', 'merge_install': False, 'path': '/home/student/ros2_Ab/src/usb_cam', 'symlink_install': False, 'test_result_base': None}
[0.364s] INFO:colcon.colcon_core.executor:Executing jobs using 'parallel' executor
[0.365s] DEBUG:colcon.colcon_parallel_executor.executor.parallel:run_until_complete
[0.365s] INFO:colcon.colcon_ros.task.ament_python.build:Building ROS package in '/home/student/ros2_Ab/src/camera_subscriber' with build type 'ament_python'
[0.365s] Level 1:colcon.colcon_core.shell:create_environment_hook('camera_subscriber', 'ament_prefix_path')
[0.367s] INFO:colcon.colcon_core.plugin_system:Skipping extension 'colcon_core.shell.bat': Not used on non-Windows systems
[0.367s] INFO:colcon.colcon_core.shell:Creating environment hook '/home/student/ros2_Ab/src/install/camera_subscriber/share/camera_subscriber/hook/ament_prefix_path.ps1'
[0.368s] INFO:colcon.colcon_core.shell:Creating environment descriptor '/home/student/ros2_Ab/src/install/camera_subscriber/share/camera_subscriber/hook/ament_prefix_path.dsv'
[0.368s] INFO:colcon.colcon_core.shell:Creating environment hook '/home/student/ros2_Ab/src/install/camera_subscriber/share/camera_subscriber/hook/ament_prefix_path.sh'
[0.369s] INFO:colcon.colcon_core.shell:Skip shell extension 'powershell' for command environment: Not usable outside of PowerShell
[0.369s] DEBUG:colcon.colcon_core.shell:Skip shell extension 'dsv' for command environment
[0.372s] INFO:colcon.colcon_ros.task.ament_cmake.build:Building ROS package in '/home/student/ros2_Ab/src/usb_cam' with build type 'ament_cmake'
[0.372s] INFO:colcon.colcon_cmake.task.cmake.build:Building CMake package in '/home/student/ros2_Ab/src/usb_cam'
[0.372s] INFO:colcon.colcon_core.shell:Skip shell extension 'powershell' for command environment: Not usable outside of PowerShell
[0.372s] DEBUG:colcon.colcon_core.shell:Skip shell extension 'dsv' for command environment
[0.618s] INFO:colcon.colcon_core.task.python.build:Building Python package in '/home/student/ros2_Ab/src/camera_subscriber'
[0.619s] INFO:colcon.colcon_core.shell:Skip shell extension 'powershell' for command environment: Not usable outside of PowerShell
[0.619s] DEBUG:colcon.colcon_core.shell:Skip shell extension 'dsv' for command environment
[0.624s] DEBUG:colcon.colcon_core.event_handler.log_command:Invoking command in '/home/student/ros2_Ab/src/build/usb_cam': CMAKE_PREFIX_PATH=/opt/ros/humble /usr/bin/cmake /home/student/ros2_Ab/src/usb_cam -DCMAKE_INSTALL_PREFIX=/home/student/ros2_Ab/src/install/usb_cam
[0.987s] DEBUG:colcon.colcon_core.event_handler.log_command:Invoking command in '/home/student/ros2_Ab/src/camera_subscriber': PYTHONPATH=/home/student/ros2_Ab/src/build/camera_subscriber/prefix_override:/usr/lib/python3/dist-packages/colcon_core/task/python/colcon_distutils_commands:/home/student/ros2_Ab/src/install/camera_subscriber/lib/python3.10/site-packages:${PYTHONPATH} /usr/bin/python3 -W ignore:setup.py install is deprecated setup.py egg_info --egg-base ../build/camera_subscriber build --build-base /home/student/ros2_Ab/src/build/camera_subscriber/build install --record /home/student/ros2_Ab/src/build/camera_subscriber/install.log --single-version-externally-managed install_data
[1.277s] DEBUG:colcon.colcon_core.event_handler.log_command:Invoked command in '/home/student/ros2_Ab/src/camera_subscriber' returned '0': PYTHONPATH=/home/student/ros2_Ab/src/build/camera_subscriber/prefix_override:/usr/lib/python3/dist-packages/colcon_core/task/python/colcon_distutils_commands:/home/student/ros2_Ab/src/install/camera_subscriber/lib/python3.10/site-packages:${PYTHONPATH} /usr/bin/python3 -W ignore:setup.py install is deprecated setup.py egg_info --egg-base ../build/camera_subscriber build --build-base /home/student/ros2_Ab/src/build/camera_subscriber/build install --record /home/student/ros2_Ab/src/build/camera_subscriber/install.log --single-version-externally-managed install_data
[1.279s] Level 1:colcon.colcon_core.environment:checking '/home/student/ros2_Ab/src/install/camera_subscriber' for CMake module files
[1.280s] Level 1:colcon.colcon_core.environment:checking '/home/student/ros2_Ab/src/install/camera_subscriber' for CMake config files
[1.280s] Level 1:colcon.colcon_core.environment:checking '/home/student/ros2_Ab/src/install/camera_subscriber/lib'
[1.280s] Level 1:colcon.colcon_core.environment:checking '/home/student/ros2_Ab/src/install/camera_subscriber/bin'
[1.280s] Level 1:colcon.colcon_core.environment:checking '/home/student/ros2_Ab/src/install/camera_subscriber/lib/pkgconfig/camera_subscriber.pc'
[1.281s] Level 1:colcon.colcon_core.environment:checking '/home/student/ros2_Ab/src/install/camera_subscriber/lib/python3.10/site-packages'
[1.281s] Level 1:colcon.colcon_core.shell:create_environment_hook('camera_subscriber', 'pythonpath')
[1.281s] INFO:colcon.colcon_core.shell:Creating environment hook '/home/student/ros2_Ab/src/install/camera_subscriber/share/camera_subscriber/hook/pythonpath.ps1'
[1.281s] INFO:colcon.colcon_core.shell:Creating environment descriptor '/home/student/ros2_Ab/src/install/camera_subscriber/share/camera_subscriber/hook/pythonpath.dsv'
[1.282s] INFO:colcon.colcon_core.shell:Creating environment hook '/home/student/ros2_Ab/src/install/camera_subscriber/share/camera_subscriber/hook/pythonpath.sh'
[1.282s] Level 1:colcon.colcon_core.environment:checking '/home/student/ros2_Ab/src/install/camera_subscriber/bin'
[1.282s] Level 1:colcon.colcon_core.environment:create_environment_scripts_only(camera_subscriber)
[1.282s] INFO:colcon.colcon_core.shell:Creating package script '/home/student/ros2_Ab/src/install/camera_subscriber/share/camera_subscriber/package.ps1'
[1.283s] INFO:colcon.colcon_core.shell:Creating package descriptor '/home/student/ros2_Ab/src/install/camera_subscriber/share/camera_subscriber/package.dsv'
[1.284s] INFO:colcon.colcon_core.shell:Creating package script '/home/student/ros2_Ab/src/install/camera_subscriber/share/camera_subscriber/package.sh'
[1.284s] INFO:colcon.colcon_core.shell:Creating package script '/home/student/ros2_Ab/src/install/camera_subscriber/share/camera_subscriber/package.bash'
[1.285s] INFO:colcon.colcon_core.shell:Creating package script '/home/student/ros2_Ab/src/install/camera_subscriber/share/camera_subscriber/package.zsh'
[1.286s] Level 1:colcon.colcon_core.environment:create_file_with_runtime_dependencies(/home/student/ros2_Ab/src/install/camera_subscriber/share/colcon-core/packages/camera_subscriber)
[2.075s] DEBUG:colcon.colcon_core.event_handler.log_command:Invoked command in '/home/student/ros2_Ab/src/build/usb_cam' returned '0': CMAKE_PREFIX_PATH=/opt/ros/humble /usr/bin/cmake /home/student/ros2_Ab/src/usb_cam -DCMAKE_INSTALL_PREFIX=/home/student/ros2_Ab/src/install/usb_cam
[2.077s] DEBUG:colcon.colcon_core.event_handler.log_command:Invoking command in '/home/student/ros2_Ab/src/build/usb_cam': CMAKE_PREFIX_PATH=/opt/ros/humble /usr/bin/cmake --build /home/student/ros2_Ab/src/build/usb_cam -- -j4 -l4
[12.493s] DEBUG:colcon.colcon_core.event_handler.log_command:Invoked command in '/home/student/ros2_Ab/src/build/usb_cam' returned '0': CMAKE_PREFIX_PATH=/opt/ros/humble /usr/bin/cmake --build /home/student/ros2_Ab/src/build/usb_cam -- -j4 -l4
[12.541s] DEBUG:colcon.colcon_core.event_handler.log_command:Invoking command in '/home/student/ros2_Ab/src/build/usb_cam': CMAKE_PREFIX_PATH=/opt/ros/humble /usr/bin/cmake --install /home/student/ros2_Ab/src/build/usb_cam
[12.561s] Level 1:colcon.colcon_core.environment:create_environment_scripts_only(usb_cam)
[12.562s] Level 1:colcon.colcon_core.environment:checking '/home/student/ros2_Ab/src/install/usb_cam' for CMake module files
[12.562s] DEBUG:colcon.colcon_core.event_handler.log_command:Invoked command in '/home/student/ros2_Ab/src/build/usb_cam' returned '0': CMAKE_PREFIX_PATH=/opt/ros/humble /usr/bin/cmake --install /home/student/ros2_Ab/src/build/usb_cam
[12.562s] Level 1:colcon.colcon_core.environment:checking '/home/student/ros2_Ab/src/install/usb_cam' for CMake config files
[12.563s] Level 1:colcon.colcon_core.shell:create_environment_hook('usb_cam', 'cmake_prefix_path')
[12.563s] INFO:colcon.colcon_core.shell:Creating environment hook '/home/student/ros2_Ab/src/install/usb_cam/share/usb_cam/hook/cmake_prefix_path.ps1'
[12.564s] INFO:colcon.colcon_core.shell:Creating environment descriptor '/home/student/ros2_Ab/src/install/usb_cam/share/usb_cam/hook/cmake_prefix_path.dsv'
[12.564s] INFO:colcon.colcon_core.shell:Creating environment hook '/home/student/ros2_Ab/src/install/usb_cam/share/usb_cam/hook/cmake_prefix_path.sh'
[12.564s] Level 1:colcon.colcon_core.environment:checking '/home/student/ros2_Ab/src/install/usb_cam/lib'
[12.565s] Level 1:colcon.colcon_core.shell:create_environment_hook('usb_cam', 'ld_library_path_lib')
[12.565s] INFO:colcon.colcon_core.shell:Creating environment hook '/home/student/ros2_Ab/src/install/usb_cam/share/usb_cam/hook/ld_library_path_lib.ps1'
[12.565s] INFO:colcon.colcon_core.shell:Creating environment descriptor '/home/student/ros2_Ab/src/install/usb_cam/share/usb_cam/hook/ld_library_path_lib.dsv'
[12.565s] INFO:colcon.colcon_core.shell:Creating environment hook '/home/student/ros2_Ab/src/install/usb_cam/share/usb_cam/hook/ld_library_path_lib.sh'
[12.566s] Level 1:colcon.colcon_core.environment:checking '/home/student/ros2_Ab/src/install/usb_cam/bin'
[12.566s] Level 1:colcon.colcon_core.environment:checking '/home/student/ros2_Ab/src/install/usb_cam/lib/pkgconfig/usb_cam.pc'
[12.566s] Level 1:colcon.colcon_core.environment:checking '/home/student/ros2_Ab/src/install/usb_cam/lib/python3.10/site-packages'
[12.566s] Level 1:colcon.colcon_core.environment:checking '/home/student/ros2_Ab/src/install/usb_cam/bin'
[12.566s] INFO:colcon.colcon_core.shell:Creating package script '/home/student/ros2_Ab/src/install/usb_cam/share/usb_cam/package.ps1'
[12.567s] INFO:colcon.colcon_core.shell:Creating package descriptor '/home/student/ros2_Ab/src/install/usb_cam/share/usb_cam/package.dsv'
[12.567s] INFO:colcon.colcon_core.shell:Creating package script '/home/student/ros2_Ab/src/install/usb_cam/share/usb_cam/package.sh'
[12.568s] INFO:colcon.colcon_core.shell:Creating package script '/home/student/ros2_Ab/src/install/usb_cam/share/usb_cam/package.bash'
[12.568s] INFO:colcon.colcon_core.shell:Creating package script '/home/student/ros2_Ab/src/install/usb_cam/share/usb_cam/package.zsh'
[12.568s] Level 1:colcon.colcon_core.environment:create_file_with_runtime_dependencies(/home/student/ros2_Ab/src/install/usb_cam/share/colcon-core/packages/usb_cam)
[12.606s] Level 1:colcon.colcon_core.environment:create_environment_scripts_only(usb_cam)
[12.607s] Level 1:colcon.colcon_core.environment:checking '/home/student/ros2_Ab/src/install/usb_cam' for CMake module files
[12.607s] Level 1:colcon.colcon_core.environment:checking '/home/student/ros2_Ab/src/install/usb_cam' for CMake config files
[12.607s] Level 1:colcon.colcon_core.shell:create_environment_hook('usb_cam', 'cmake_prefix_path')
[12.608s] INFO:colcon.colcon_core.shell:Creating environment hook '/home/student/ros2_Ab/src/install/usb_cam/share/usb_cam/hook/cmake_prefix_path.ps1'
[12.608s] INFO:colcon.colcon_core.shell:Creating environment descriptor '/home/student/ros2_Ab/src/install/usb_cam/share/usb_cam/hook/cmake_prefix_path.dsv'
[12.609s] INFO:colcon.colcon_core.shell:Creating environment hook '/home/student/ros2_Ab/src/install/usb_cam/share/usb_cam/hook/cmake_prefix_path.sh'
[12.609s] Level 1:colcon.colcon_core.environment:checking '/home/student/ros2_Ab/src/install/usb_cam/lib'
[12.609s] Level 1:colcon.colcon_core.shell:create_environment_hook('usb_cam', 'ld_library_path_lib')
[12.609s] INFO:colcon.colcon_core.shell:Creating environment hook '/home/student/ros2_Ab/src/install/usb_cam/share/usb_cam/hook/ld_library_path_lib.ps1'
[12.610s] INFO:colcon.colcon_core.shell:Creating environment descriptor '/home/student/ros2_Ab/src/install/usb_cam/share/usb_cam/hook/ld_library_path_lib.dsv'
[12.610s] INFO:colcon.colcon_core.shell:Creating environment hook '/home/student/ros2_Ab/src/install/usb_cam/share/usb_cam/hook/ld_library_path_lib.sh'
[12.610s] Level 1:colcon.colcon_core.environment:checking '/home/student/ros2_Ab/src/install/usb_cam/bin'
[12.610s] Level 1:colcon.colcon_core.environment:checking '/home/student/ros2_Ab/src/install/usb_cam/lib/pkgconfig/usb_cam.pc'
[12.611s] Level 1:colcon.colcon_core.environment:checking '/home/student/ros2_Ab/src/install/usb_cam/lib/python3.10/site-packages'
[12.611s] Level 1:colcon.colcon_core.environment:checking '/home/student/ros2_Ab/src/install/usb_cam/bin'
[12.611s] INFO:colcon.colcon_core.shell:Creating package script '/home/student/ros2_Ab/src/install/usb_cam/share/usb_cam/package.ps1'
[12.612s] INFO:colcon.colcon_core.shell:Creating package descriptor '/home/student/ros2_Ab/src/install/usb_cam/share/usb_cam/package.dsv'
[12.612s] INFO:colcon.colcon_core.shell:Creating package script '/home/student/ros2_Ab/src/install/usb_cam/share/usb_cam/package.sh'
[12.612s] INFO:colcon.colcon_core.shell:Creating package script '/home/student/ros2_Ab/src/install/usb_cam/share/usb_cam/package.bash'
[12.613s] INFO:colcon.colcon_core.shell:Creating package script '/home/student/ros2_Ab/src/install/usb_cam/share/usb_cam/package.zsh'
[12.613s] Level 1:colcon.colcon_core.environment:create_file_with_runtime_dependencies(/home/student/ros2_Ab/src/install/usb_cam/share/colcon-core/packages/usb_cam)
[12.613s] DEBUG:colcon.colcon_parallel_executor.executor.parallel:closing loop
[12.614s] DEBUG:colcon.colcon_parallel_executor.executor.parallel:loop closed
[12.614s] DEBUG:colcon.colcon_parallel_executor.executor.parallel:run_until_complete finished with '0'
[12.614s] DEBUG:colcon.colcon_core.event_reactor:joining thread
[12.618s] INFO:colcon.colcon_core.plugin_system:Skipping extension 'colcon_notification.desktop_notification.terminal_notifier': Not used on non-Darwin systems
[12.619s] INFO:colcon.colcon_core.plugin_system:Skipping extension 'colcon_notification.desktop_notification.win32': Not used on non-Windows systems
[12.619s] INFO:colcon.colcon_notification.desktop_notification:Sending desktop notification using 'notify2'
[12.630s] DEBUG:colcon.colcon_core.event_reactor:joined thread
[12.630s] INFO:colcon.colcon_core.shell:Creating prefix script '/home/student/ros2_Ab/src/install/local_setup.ps1'
[12.631s] INFO:colcon.colcon_core.shell:Creating prefix util module '/home/student/ros2_Ab/src/install/_local_setup_util_ps1.py'
[12.632s] INFO:colcon.colcon_core.shell:Creating prefix chain script '/home/student/ros2_Ab/src/install/setup.ps1'
[12.633s] INFO:colcon.colcon_core.shell:Creating prefix script '/home/student/ros2_Ab/src/install/local_setup.sh'
[12.634s] INFO:colcon.colcon_core.shell:Creating prefix util module '/home/student/ros2_Ab/src/install/_local_setup_util_sh.py'
[12.634s] INFO:colcon.colcon_core.shell:Creating prefix chain script '/home/student/ros2_Ab/src/install/setup.sh'
[12.635s] INFO:colcon.colcon_core.shell:Creating prefix script '/home/student/ros2_Ab/src/install/local_setup.bash'
[12.636s] INFO:colcon.colcon_core.shell:Creating prefix chain script '/home/student/ros2_Ab/src/install/setup.bash'
[12.637s] INFO:colcon.colcon_core.shell:Creating prefix script '/home/student/ros2_Ab/src/install/local_setup.zsh'
[12.637s] INFO:colcon.colcon_core.shell:Creating prefix chain script '/home/student/ros2_Ab/src/install/setup.zsh'
