[0.254s] Invoking command in '/home/student/ros2_Ab/build/usb_cam': CMAKE_PREFIX_PATH=/home/student/ros2_Ab/install/camera_subscriber:/opt/ros/humble /usr/bin/cmake /home/student/ros2_Ab/src/usb_cam -DCMAKE_INSTALL_PREFIX=/home/student/ros2_Ab/install/usb_cam
[0.406s] -- The C compiler identification is GNU 11.4.0
[0.518s] -- The CXX compiler identification is GNU 11.4.0
[0.531s] -- Detecting C compiler ABI info
[0.608s] -- Detecting C compiler ABI info - done
[0.616s] -- Check for working C compiler: /usr/bin/cc - skipped
[0.616s] -- Detecting C compile features
[0.617s] -- Detecting C compile features - done
[0.621s] -- Detecting CXX compiler ABI info
[0.704s] -- Detecting CXX compiler ABI info - done
[0.712s] -- Check for working CXX compiler: /usr/bin/c++ - skipped
[0.712s] -- Detecting CXX compile features
[0.713s] -- Detecting CXX compile features - done
[0.716s] -- Found ament_cmake_auto: 1.3.10 (/opt/ros/humble/share/ament_cmake_auto/cmake)
[0.873s] -- Found Python3: /usr/bin/python3 (found version "3.10.12") found components: Interpreter 
[1.102s] -- Found rosidl_generator_c: 3.1.5 (/opt/ros/humble/share/rosidl_generator_c/cmake)
[1.109s] -- Found rosidl_adapter: 3.1.5 (/opt/ros/humble/share/rosidl_adapter/cmake)
[1.121s] -- Found rosidl_generator_cpp: 3.1.5 (/opt/ros/humble/share/rosidl_generator_cpp/cmake)
[1.139s] -- Using all available rosidl_typesupport_c: rosidl_typesupport_fastrtps_c;rosidl_typesupport_introspection_c
[1.160s] -- Using all available rosidl_typesupport_cpp: rosidl_typesupport_fastrtps_cpp;rosidl_typesupport_introspection_cpp
[1.222s] -- Found rmw_implementation_cmake: 6.1.2 (/opt/ros/humble/share/rmw_implementation_cmake/cmake)
[1.226s] -- Found rmw_fastrtps_cpp: 6.2.7 (/opt/ros/humble/share/rmw_fastrtps_cpp/cmake)
[1.322s] -- Found OpenSSL: /usr/lib/x86_64-linux-gnu/libcrypto.so (found version "3.0.2")  
[1.349s] -- Found FastRTPS: /opt/ros/humble/include  
[1.390s] -- Using RMW implementation 'rmw_fastrtps_cpp' as default
[1.402s] -- Looking for pthread.h
[1.471s] -- Looking for pthread.h - found
[1.472s] -- Performing Test CMAKE_HAVE_LIBC_PTHREAD
[1.542s] -- Performing Test CMAKE_HAVE_LIBC_PTHREAD - Success
[1.543s] -- Found Threads: TRUE  
[1.816s] -- Found OpenCV: /usr (found version "4.5.4") 
[1.819s] -- Found PkgConfig: /usr/bin/pkg-config (found version "0.29.2") 
[1.820s] -- Checking for module 'libavcodec'
[1.833s] --   Found libavcodec, version 58.134.100
[1.865s] -- Checking for module 'libavutil'
[1.877s] --   Found libavutil, version 56.70.100
[1.907s] -- Checking for module 'libswscale'
[1.918s] --   Found libswscale, version 5.9.100
[1.956s] -- Found ament_lint_auto: 0.12.11 (/opt/ros/humble/share/ament_lint_auto/cmake)
[1.987s] -- Found gtest sources under '/opt/ros/humble/src/gtest_vendor': C++ tests using 'Google Test' will be built
[1.999s] -- Added test 'copyright' to check source files copyright and LICENSE
[2.005s] -- Added test 'cppcheck' to perform static code analysis on C / C++ code
[2.006s] -- Configured cppcheck include dirs: /home/student/ros2_Ab/src/usb_cam/include
[2.006s] -- Configured cppcheck exclude dirs and/or files: 
[2.011s] -- Added test 'cpplint' to check C / C++ code against the Google style
[2.012s] -- Configured cpplint exclude dirs and/or files: 
[2.013s] -- Added test 'flake8' to check Python code syntax and style conventions
[2.015s] -- Added test 'lint_cmake' to check CMake code style
[2.016s] -- Added test 'pep257' to check Python code against some of the docstring style conventions in PEP 257
[2.022s] -- Added test 'uncrustify' to check C / C++ code style
[2.022s] -- Configured uncrustify additional arguments: 
[2.023s] -- Added test 'xmllint' to check XML markup files
[2.027s] -- Configuring done
[2.058s] -- Generating done
[2.060s] -- Build files have been written to: /home/student/ros2_Ab/build/usb_cam
[2.071s] Invoked command in '/home/student/ros2_Ab/build/usb_cam' returned '0': CMAKE_PREFIX_PATH=/home/student/ros2_Ab/install/camera_subscriber:/opt/ros/humble /usr/bin/cmake /home/student/ros2_Ab/src/usb_cam -DCMAKE_INSTALL_PREFIX=/home/student/ros2_Ab/install/usb_cam
[2.073s] Invoking command in '/home/student/ros2_Ab/build/usb_cam': CMAKE_PREFIX_PATH=/home/student/ros2_Ab/install/camera_subscriber:/opt/ros/humble /usr/bin/cmake --build /home/student/ros2_Ab/build/usb_cam -- -j4 -l4
[2.123s] [  7%] [32mBuilding CXX object CMakeFiles/usb_cam.dir/src/usb_cam.cpp.o[0m
[2.124s] [ 14%] [32mBuilding CXX object gtest/CMakeFiles/gtest.dir/src/gtest-all.cc.o[0m
[2.124s] [ 21%] [32mBuilding CXX object gtest/CMakeFiles/gtest_main.dir/src/gtest_main.cc.o[0m
[2.124s] [ 28%] [32mBuilding CXX object CMakeFiles/usb_cam_node_exe.dir/rclcpp_components/node_main_usb_cam_node_exe.cpp.o[0m
[3.291s] [ 35%] [32m[1mLinking CXX static library libgtest_main.a[0m
[3.326s] [ 35%] Built target gtest_main
[4.410s] [ 42%] [32m[1mLinking CXX shared library libusb_cam.so[0m
[4.645s] [ 42%] Built target usb_cam
[4.669s] [ 50%] [32mBuilding CXX object CMakeFiles/usb_cam_node.dir/src/ros2/usb_cam_node.cpp.o[0m
[5.639s] [ 57%] [32m[1mLinking CXX static library libgtest.a[0m
[5.703s] [ 64%] [32m[1mLinking CXX executable usb_cam_node_exe[0m
[5.709s] [ 64%] Built target gtest
[5.727s] [ 78%] [32mBuilding CXX object CMakeFiles/test_pixel_formats.dir/test/test_pixel_formats.cpp.o[0m
[5.727s] [ 78%] [32mBuilding CXX object CMakeFiles/test_usb_cam_utils.dir/test/test_usb_cam_utils.cpp.o[0m
[5.862s] [ 78%] Built target usb_cam_node_exe
[8.177s] [ 85%] [32m[1mLinking CXX executable test_usb_cam_utils[0m
[8.375s] [ 92%] [32m[1mLinking CXX executable test_pixel_formats[0m
[8.391s] [ 92%] Built target test_usb_cam_utils
[8.567s] [ 92%] Built target test_pixel_formats
[12.809s] [100%] [32m[1mLinking CXX shared library libusb_cam_node.so[0m
[13.258s] [100%] Built target usb_cam_node
[13.270s] Invoked command in '/home/student/ros2_Ab/build/usb_cam' returned '0': CMAKE_PREFIX_PATH=/home/student/ros2_Ab/install/camera_subscriber:/opt/ros/humble /usr/bin/cmake --build /home/student/ros2_Ab/build/usb_cam -- -j4 -l4
[13.317s] Invoking command in '/home/student/ros2_Ab/build/usb_cam': CMAKE_PREFIX_PATH=/home/student/ros2_Ab/install/camera_subscriber:/opt/ros/humble /usr/bin/cmake --install /home/student/ros2_Ab/build/usb_cam
[13.325s] -- Install configuration: ""
[13.326s] -- Installing: /home/student/ros2_Ab/install/usb_cam/share/usb_cam/environment/library_path.sh
[13.326s] -- Installing: /home/student/ros2_Ab/install/usb_cam/share/usb_cam/environment/library_path.dsv
[13.326s] -- Installing: /home/student/ros2_Ab/install/usb_cam/lib/usb_cam/usb_cam_node_exe
[13.327s] -- Set runtime path of "/home/student/ros2_Ab/install/usb_cam/lib/usb_cam/usb_cam_node_exe" to ""
[13.327s] -- Installing: /home/student/ros2_Ab/install/usb_cam/lib/usb_cam/show_image.py
[13.327s] -- Installing: /home/student/ros2_Ab/install/usb_cam/lib/libusb_cam.so
[13.328s] -- Installing: /home/student/ros2_Ab/install/usb_cam/lib/libusb_cam_node.so
[13.331s] -- Set runtime path of "/home/student/ros2_Ab/install/usb_cam/lib/libusb_cam_node.so" to ""
[13.331s] -- Installing: /home/student/ros2_Ab/install/usb_cam/include
[13.332s] -- Installing: /home/student/ros2_Ab/install/usb_cam/include/usb_cam
[13.332s] -- Installing: /home/student/ros2_Ab/install/usb_cam/include/usb_cam/conversions.hpp
[13.332s] -- Installing: /home/student/ros2_Ab/install/usb_cam/include/usb_cam/usb_cam_node.hpp
[13.332s] -- Installing: /home/student/ros2_Ab/install/usb_cam/include/usb_cam/utils.hpp
[13.332s] -- Installing: /home/student/ros2_Ab/install/usb_cam/include/usb_cam/usb_cam.hpp
[13.332s] -- Installing: /home/student/ros2_Ab/install/usb_cam/include/usb_cam/constants.hpp
[13.332s] -- Installing: /home/student/ros2_Ab/install/usb_cam/include/usb_cam/formats
[13.332s] -- Installing: /home/student/ros2_Ab/install/usb_cam/include/usb_cam/formats/mjpeg.hpp
[13.332s] -- Installing: /home/student/ros2_Ab/install/usb_cam/include/usb_cam/formats/utils.hpp
[13.333s] -- Installing: /home/student/ros2_Ab/install/usb_cam/include/usb_cam/formats/yuyv.hpp
[13.333s] -- Installing: /home/student/ros2_Ab/install/usb_cam/include/usb_cam/formats/pixel_format_base.hpp
[13.333s] -- Installing: /home/student/ros2_Ab/install/usb_cam/include/usb_cam/formats/mono.hpp
[13.333s] -- Installing: /home/student/ros2_Ab/install/usb_cam/include/usb_cam/formats/av_pixel_format_helper.hpp
[13.333s] -- Installing: /home/student/ros2_Ab/install/usb_cam/include/usb_cam/formats/m420.hpp
[13.333s] -- Installing: /home/student/ros2_Ab/install/usb_cam/include/usb_cam/formats/rgb.hpp
[13.333s] -- Installing: /home/student/ros2_Ab/install/usb_cam/include/usb_cam/formats/uyvy.hpp
[13.333s] -- Up-to-date: /home/student/ros2_Ab/install/usb_cam/lib/libusb_cam_node.so
[13.334s] -- Installing: /home/student/ros2_Ab/install/usb_cam/share/usb_cam/launch
[13.334s] -- Installing: /home/student/ros2_Ab/install/usb_cam/share/usb_cam/launch/__init__.py
[13.334s] -- Installing: /home/student/ros2_Ab/install/usb_cam/share/usb_cam/launch/camera.launch.py
[13.334s] -- Installing: /home/student/ros2_Ab/install/usb_cam/share/usb_cam/launch/camera_config.py
[13.334s] -- Installing: /home/student/ros2_Ab/install/usb_cam/share/usb_cam/config
[13.334s] -- Installing: /home/student/ros2_Ab/install/usb_cam/share/usb_cam/config/params_1.yaml
[13.334s] -- Installing: /home/student/ros2_Ab/install/usb_cam/share/usb_cam/config/params_2.yaml
[13.334s] -- Installing: /home/student/ros2_Ab/install/usb_cam/share/usb_cam/config/camera_info.yaml
[13.335s] -- Installing: /home/student/ros2_Ab/install/usb_cam/share/ament_index/resource_index/package_run_dependencies/usb_cam
[13.335s] -- Installing: /home/student/ros2_Ab/install/usb_cam/share/ament_index/resource_index/parent_prefix_path/usb_cam
[13.335s] -- Installing: /home/student/ros2_Ab/install/usb_cam/share/usb_cam/environment/ament_prefix_path.sh
[13.335s] -- Installing: /home/student/ros2_Ab/install/usb_cam/share/usb_cam/environment/ament_prefix_path.dsv
[13.335s] -- Installing: /home/student/ros2_Ab/install/usb_cam/share/usb_cam/environment/path.sh
[13.335s] -- Installing: /home/student/ros2_Ab/install/usb_cam/share/usb_cam/environment/path.dsv
[13.336s] -- Installing: /home/student/ros2_Ab/install/usb_cam/share/usb_cam/local_setup.bash
[13.336s] -- Installing: /home/student/ros2_Ab/install/usb_cam/share/usb_cam/local_setup.sh
[13.336s] -- Installing: /home/student/ros2_Ab/install/usb_cam/share/usb_cam/local_setup.zsh
[13.336s] -- Installing: /home/student/ros2_Ab/install/usb_cam/share/usb_cam/local_setup.dsv
[13.336s] -- Installing: /home/student/ros2_Ab/install/usb_cam/share/usb_cam/package.dsv
[13.336s] -- Installing: /home/student/ros2_Ab/install/usb_cam/share/ament_index/resource_index/packages/usb_cam
[13.337s] -- Installing: /home/student/ros2_Ab/install/usb_cam/share/ament_index/resource_index/rclcpp_components/usb_cam
[13.337s] -- Installing: /home/student/ros2_Ab/install/usb_cam/share/usb_cam/cmake/ament_cmake_export_libraries-extras.cmake
[13.337s] -- Installing: /home/student/ros2_Ab/install/usb_cam/share/usb_cam/cmake/ament_cmake_export_dependencies-extras.cmake
[13.337s] -- Installing: /home/student/ros2_Ab/install/usb_cam/share/usb_cam/cmake/ament_cmake_export_include_directories-extras.cmake
[13.337s] -- Installing: /home/student/ros2_Ab/install/usb_cam/share/usb_cam/cmake/usb_camConfig.cmake
[13.337s] -- Installing: /home/student/ros2_Ab/install/usb_cam/share/usb_cam/cmake/usb_camConfig-version.cmake
[13.337s] -- Installing: /home/student/ros2_Ab/install/usb_cam/share/usb_cam/package.xml
[13.339s] Invoked command in '/home/student/ros2_Ab/build/usb_cam' returned '0': CMAKE_PREFIX_PATH=/home/student/ros2_Ab/install/camera_subscriber:/opt/ros/humble /usr/bin/cmake --install /home/student/ros2_Ab/build/usb_cam
