[0.252s] Invoking command in '/home/student/ros2_Ab/src/build/usb_cam': CMAKE_PREFIX_PATH=/opt/ros/humble /usr/bin/cmake /home/student/ros2_Ab/src/usb_cam -DCMAKE_INSTALL_PREFIX=/home/student/ros2_Ab/src/install/usb_cam
[0.306s] -- The C compiler identification is GNU 11.4.0
[0.363s] -- The CXX compiler identification is GNU 11.4.0
[0.370s] -- Detecting C compiler ABI info
[0.438s] -- Detecting C compiler ABI info - done
[0.447s] -- Check for working C compiler: /usr/bin/cc - skipped
[0.447s] -- Detecting C compile features
[0.447s] -- Detecting C compile features - done
[0.450s] -- Detecting CXX compiler ABI info
[0.532s] -- Detecting CXX compiler ABI info - done
[0.539s] -- Check for working CXX compiler: /usr/bin/c++ - skipped
[0.539s] -- Detecting CXX compile features
[0.540s] -- Detecting CXX compile features - done
[0.542s] -- Found ament_cmake_auto: 1.3.10 (/opt/ros/humble/share/ament_cmake_auto/cmake)
[0.693s] -- Found Python3: /usr/bin/python3 (found version "3.10.12") found components: Interpreter 
[0.887s] -- Found rosidl_generator_c: 3.1.5 (/opt/ros/humble/share/rosidl_generator_c/cmake)
[0.892s] -- Found rosidl_adapter: 3.1.5 (/opt/ros/humble/share/rosidl_adapter/cmake)
[0.901s] -- Found rosidl_generator_cpp: 3.1.5 (/opt/ros/humble/share/rosidl_generator_cpp/cmake)
[0.913s] -- Using all available rosidl_typesupport_c: rosidl_typesupport_fastrtps_c;rosidl_typesupport_introspection_c
[0.929s] -- Using all available rosidl_typesupport_cpp: rosidl_typesupport_fastrtps_cpp;rosidl_typesupport_introspection_cpp
[0.970s] -- Found rmw_implementation_cmake: 6.1.2 (/opt/ros/humble/share/rmw_implementation_cmake/cmake)
[0.972s] -- Found rmw_fastrtps_cpp: 6.2.7 (/opt/ros/humble/share/rmw_fastrtps_cpp/cmake)
[1.054s] -- Found OpenSSL: /usr/lib/x86_64-linux-gnu/libcrypto.so (found version "3.0.2")  
[1.081s] -- Found FastRTPS: /opt/ros/humble/include  
[1.120s] -- Using RMW implementation 'rmw_fastrtps_cpp' as default
[1.128s] -- Looking for pthread.h
[1.197s] -- Looking for pthread.h - found
[1.197s] -- Performing Test CMAKE_HAVE_LIBC_PTHREAD
[1.268s] -- Performing Test CMAKE_HAVE_LIBC_PTHREAD - Success
[1.269s] -- Found Threads: TRUE  
[1.468s] -- Found OpenCV: /usr (found version "4.5.4") 
[1.472s] -- Found PkgConfig: /usr/bin/pkg-config (found version "0.29.2") 
[1.472s] -- Checking for module 'libavcodec'
[1.485s] --   Found libavcodec, version 58.134.100
[1.517s] -- Checking for module 'libavutil'
[1.529s] --   Found libavutil, version 56.70.100
[1.559s] -- Checking for module 'libswscale'
[1.571s] --   Found libswscale, version 5.9.100
[1.608s] -- Found ament_lint_auto: 0.12.11 (/opt/ros/humble/share/ament_lint_auto/cmake)
[1.625s] -- Found gtest sources under '/opt/ros/humble/src/gtest_vendor': C++ tests using 'Google Test' will be built
[1.635s] -- Added test 'copyright' to check source files copyright and LICENSE
[1.641s] -- Added test 'cppcheck' to perform static code analysis on C / C++ code
[1.641s] -- Configured cppcheck include dirs: /home/student/ros2_Ab/src/usb_cam/include
[1.641s] -- Configured cppcheck exclude dirs and/or files: 
[1.646s] -- Added test 'cpplint' to check C / C++ code against the Google style
[1.647s] -- Configured cpplint exclude dirs and/or files: 
[1.647s] -- Added test 'flake8' to check Python code syntax and style conventions
[1.649s] -- Added test 'lint_cmake' to check CMake code style
[1.650s] -- Added test 'pep257' to check Python code against some of the docstring style conventions in PEP 257
[1.655s] -- Added test 'uncrustify' to check C / C++ code style
[1.656s] -- Configured uncrustify additional arguments: 
[1.656s] -- Added test 'xmllint' to check XML markup files
[1.659s] -- Configuring done
[1.690s] -- Generating done
[1.692s] -- Build files have been written to: /home/student/ros2_Ab/src/build/usb_cam
[1.703s] Invoked command in '/home/student/ros2_Ab/src/build/usb_cam' returned '0': CMAKE_PREFIX_PATH=/opt/ros/humble /usr/bin/cmake /home/student/ros2_Ab/src/usb_cam -DCMAKE_INSTALL_PREFIX=/home/student/ros2_Ab/src/install/usb_cam
[1.705s] Invoking command in '/home/student/ros2_Ab/src/build/usb_cam': CMAKE_PREFIX_PATH=/opt/ros/humble /usr/bin/cmake --build /home/student/ros2_Ab/src/build/usb_cam -- -j4 -l4
[1.755s] [ 21%] [32mBuilding CXX object CMakeFiles/usb_cam.dir/src/usb_cam.cpp.o[0m
[1.755s] [ 21%] [32mBuilding CXX object gtest/CMakeFiles/gtest.dir/src/gtest-all.cc.o[0m
[1.755s] [ 21%] [32mBuilding CXX object CMakeFiles/usb_cam_node_exe.dir/rclcpp_components/node_main_usb_cam_node_exe.cpp.o[0m
[1.755s] [ 28%] [32mBuilding CXX object gtest/CMakeFiles/gtest_main.dir/src/gtest_main.cc.o[0m
[2.749s] [ 35%] [32m[1mLinking CXX static library libgtest_main.a[0m
[2.784s] [ 35%] Built target gtest_main
[3.747s] [ 42%] [32m[1mLinking CXX shared library libusb_cam.so[0m
[3.975s] [ 42%] Built target usb_cam
[4.000s] [ 50%] [32mBuilding CXX object CMakeFiles/usb_cam_node.dir/src/ros2/usb_cam_node.cpp.o[0m
[5.127s] [ 57%] [32m[1mLinking CXX static library libgtest.a[0m
[5.150s] [ 64%] [32m[1mLinking CXX executable usb_cam_node_exe[0m
[5.184s] [ 64%] Built target gtest
[5.206s] [ 71%] [32mBuilding CXX object CMakeFiles/test_usb_cam_utils.dir/test/test_usb_cam_utils.cpp.o[0m
[5.206s] [ 78%] [32mBuilding CXX object CMakeFiles/test_pixel_formats.dir/test/test_pixel_formats.cpp.o[0m
[5.289s] [ 78%] Built target usb_cam_node_exe
[6.618s] [ 85%] [32m[1mLinking CXX executable test_usb_cam_utils[0m
[6.811s] [ 85%] Built target test_usb_cam_utils
[6.967s] [ 92%] [32m[1mLinking CXX executable test_pixel_formats[0m
[7.142s] [ 92%] Built target test_pixel_formats
[11.699s] [100%] [32m[1mLinking CXX shared library libusb_cam_node.so[0m
[12.109s] [100%] Built target usb_cam_node
[12.121s] Invoked command in '/home/student/ros2_Ab/src/build/usb_cam' returned '0': CMAKE_PREFIX_PATH=/opt/ros/humble /usr/bin/cmake --build /home/student/ros2_Ab/src/build/usb_cam -- -j4 -l4
[12.169s] Invoking command in '/home/student/ros2_Ab/src/build/usb_cam': CMAKE_PREFIX_PATH=/opt/ros/humble /usr/bin/cmake --install /home/student/ros2_Ab/src/build/usb_cam
[12.176s] -- Install configuration: ""
[12.176s] -- Installing: /home/student/ros2_Ab/src/install/usb_cam/share/usb_cam/environment/library_path.sh
[12.176s] -- Installing: /home/student/ros2_Ab/src/install/usb_cam/share/usb_cam/environment/library_path.dsv
[12.176s] -- Installing: /home/student/ros2_Ab/src/install/usb_cam/lib/usb_cam/usb_cam_node_exe
[12.177s] -- Set runtime path of "/home/student/ros2_Ab/src/install/usb_cam/lib/usb_cam/usb_cam_node_exe" to ""
[12.177s] -- Installing: /home/student/ros2_Ab/src/install/usb_cam/lib/usb_cam/show_image.py
[12.177s] -- Installing: /home/student/ros2_Ab/src/install/usb_cam/lib/libusb_cam.so
[12.178s] -- Installing: /home/student/ros2_Ab/src/install/usb_cam/lib/libusb_cam_node.so
[12.181s] -- Set runtime path of "/home/student/ros2_Ab/src/install/usb_cam/lib/libusb_cam_node.so" to ""
[12.181s] -- Installing: /home/student/ros2_Ab/src/install/usb_cam/include
[12.182s] -- Installing: /home/student/ros2_Ab/src/install/usb_cam/include/usb_cam
[12.182s] -- Installing: /home/student/ros2_Ab/src/install/usb_cam/include/usb_cam/conversions.hpp
[12.182s] -- Installing: /home/student/ros2_Ab/src/install/usb_cam/include/usb_cam/usb_cam_node.hpp
[12.182s] -- Installing: /home/student/ros2_Ab/src/install/usb_cam/include/usb_cam/utils.hpp
[12.182s] -- Installing: /home/student/ros2_Ab/src/install/usb_cam/include/usb_cam/usb_cam.hpp
[12.182s] -- Installing: /home/student/ros2_Ab/src/install/usb_cam/include/usb_cam/constants.hpp
[12.182s] -- Installing: /home/student/ros2_Ab/src/install/usb_cam/include/usb_cam/formats
[12.182s] -- Installing: /home/student/ros2_Ab/src/install/usb_cam/include/usb_cam/formats/mjpeg.hpp
[12.182s] -- Installing: /home/student/ros2_Ab/src/install/usb_cam/include/usb_cam/formats/utils.hpp
[12.182s] -- Installing: /home/student/ros2_Ab/src/install/usb_cam/include/usb_cam/formats/yuyv.hpp
[12.182s] -- Installing: /home/student/ros2_Ab/src/install/usb_cam/include/usb_cam/formats/pixel_format_base.hpp
[12.183s] -- Installing: /home/student/ros2_Ab/src/install/usb_cam/include/usb_cam/formats/mono.hpp
[12.183s] -- Installing: /home/student/ros2_Ab/src/install/usb_cam/include/usb_cam/formats/av_pixel_format_helper.hpp
[12.183s] -- Installing: /home/student/ros2_Ab/src/install/usb_cam/include/usb_cam/formats/m420.hpp
[12.183s] -- Installing: /home/student/ros2_Ab/src/install/usb_cam/include/usb_cam/formats/rgb.hpp
[12.183s] -- Installing: /home/student/ros2_Ab/src/install/usb_cam/include/usb_cam/formats/uyvy.hpp
[12.183s] -- Up-to-date: /home/student/ros2_Ab/src/install/usb_cam/lib/libusb_cam_node.so
[12.184s] -- Installing: /home/student/ros2_Ab/src/install/usb_cam/share/usb_cam/launch
[12.184s] -- Installing: /home/student/ros2_Ab/src/install/usb_cam/share/usb_cam/launch/__init__.py
[12.184s] -- Installing: /home/student/ros2_Ab/src/install/usb_cam/share/usb_cam/launch/camera.launch.py
[12.184s] -- Installing: /home/student/ros2_Ab/src/install/usb_cam/share/usb_cam/launch/camera_config.py
[12.184s] -- Installing: /home/student/ros2_Ab/src/install/usb_cam/share/usb_cam/config
[12.184s] -- Installing: /home/student/ros2_Ab/src/install/usb_cam/share/usb_cam/config/params_1.yaml
[12.185s] -- Installing: /home/student/ros2_Ab/src/install/usb_cam/share/usb_cam/config/params_2.yaml
[12.185s] -- Installing: /home/student/ros2_Ab/src/install/usb_cam/share/usb_cam/config/camera_info.yaml
[12.185s] -- Installing: /home/student/ros2_Ab/src/install/usb_cam/share/ament_index/resource_index/package_run_dependencies/usb_cam
[12.185s] -- Installing: /home/student/ros2_Ab/src/install/usb_cam/share/ament_index/resource_index/parent_prefix_path/usb_cam
[12.185s] -- Installing: /home/student/ros2_Ab/src/install/usb_cam/share/usb_cam/environment/ament_prefix_path.sh
[12.185s] -- Installing: /home/student/ros2_Ab/src/install/usb_cam/share/usb_cam/environment/ament_prefix_path.dsv
[12.185s] -- Installing: /home/student/ros2_Ab/src/install/usb_cam/share/usb_cam/environment/path.sh
[12.185s] -- Installing: /home/student/ros2_Ab/src/install/usb_cam/share/usb_cam/environment/path.dsv
[12.185s] -- Installing: /home/student/ros2_Ab/src/install/usb_cam/share/usb_cam/local_setup.bash
[12.186s] -- Installing: /home/student/ros2_Ab/src/install/usb_cam/share/usb_cam/local_setup.sh
[12.186s] -- Installing: /home/student/ros2_Ab/src/install/usb_cam/share/usb_cam/local_setup.zsh
[12.186s] -- Installing: /home/student/ros2_Ab/src/install/usb_cam/share/usb_cam/local_setup.dsv
[12.186s] -- Installing: /home/student/ros2_Ab/src/install/usb_cam/share/usb_cam/package.dsv
[12.186s] -- Installing: /home/student/ros2_Ab/src/install/usb_cam/share/ament_index/resource_index/packages/usb_cam
[12.186s] -- Installing: /home/student/ros2_Ab/src/install/usb_cam/share/ament_index/resource_index/rclcpp_components/usb_cam
[12.187s] -- Installing: /home/student/ros2_Ab/src/install/usb_cam/share/usb_cam/cmake/ament_cmake_export_libraries-extras.cmake
[12.187s] -- Installing: /home/student/ros2_Ab/src/install/usb_cam/share/usb_cam/cmake/ament_cmake_export_dependencies-extras.cmake
[12.187s] -- Installing: /home/student/ros2_Ab/src/install/usb_cam/share/usb_cam/cmake/ament_cmake_export_include_directories-extras.cmake
[12.187s] -- Installing: /home/student/ros2_Ab/src/install/usb_cam/share/usb_cam/cmake/usb_camConfig.cmake
[12.187s] -- Installing: /home/student/ros2_Ab/src/install/usb_cam/share/usb_cam/cmake/usb_camConfig-version.cmake
[12.187s] -- Installing: /home/student/ros2_Ab/src/install/usb_cam/share/usb_cam/package.xml
[12.190s] Invoked command in '/home/student/ros2_Ab/src/build/usb_cam' returned '0': CMAKE_PREFIX_PATH=/opt/ros/humble /usr/bin/cmake --install /home/student/ros2_Ab/src/build/usb_cam
