[0.179s] DEBUG:colcon:Command line arguments: ['/usr/bin/colcon', 'list', '-p', '--base-paths', '/home/student/ros2_Ab']
[0.179s] DEBUG:colcon:Parsed command line arguments: Namespace(log_base=None, log_level=None, verb_name='list', build_base='build', ignore_user_meta=False, metas=['./colcon.meta'], base_paths=['/home/student/ros2_Ab'], packages_ignore=None, packages_ignore_regex=None, paths=None, packages_up_to=None, packages_up_to_regex=None, packages_above=None, packages_above_and_dependencies=None, packages_above_depth=None, packages_select_by_dep=None, packages_skip_by_dep=None, packages_skip_up_to=None, packages_select_build_failed=False, packages_skip_build_finished=False, packages_select_test_failures=False, packages_skip_test_passed=False, packages_select=None, packages_skip=None, packages_select_regex=None, packages_skip_regex=None, packages_start=None, packages_end=None, allow_overriding=[], topological_order=False, names_only=False, paths_only=True, topological_graph=False, topological_graph_dot=False, topological_graph_density=False, topological_graph_legend=False, topological_graph_dot_cluster=False, topological_graph_dot_include_skipped=False, verb_parser=<colcon_defaults.argument_parser.defaults.DefaultArgumentsDecorator object at 0x77a65bb35b40>, verb_extension=<colcon_package_information.verb.list.ListVerb object at 0x77a65bc31e40>, main=<bound method ListVerb.main of <colcon_package_information.verb.list.ListVerb object at 0x77a65bc31e40>>)
[0.390s] Level 1:colcon.colcon_core.package_discovery:discover_packages(colcon_meta) check parameters
[0.390s] Level 1:colcon.colcon_core.package_discovery:discover_packages(recursive) check parameters
[0.390s] Level 1:colcon.colcon_core.package_discovery:discover_packages(ignore) check parameters
[0.390s] Level 1:colcon.colcon_core.package_discovery:discover_packages(path) check parameters
[0.390s] Level 1:colcon.colcon_core.package_discovery:discover_packages(recursive) discover
[0.390s] INFO:colcon.colcon_core.package_discovery:Crawling recursively for packages in '/home/student/ros2_Ab'
[0.391s] Level 1:colcon.colcon_core.package_identification:_identify(/home/student/ros2_Ab) by extensions ['ignore', 'ignore_ament_install']
[0.391s] Level 1:colcon.colcon_core.package_identification:_identify(/home/student/ros2_Ab) by extension 'ignore'
[0.391s] Level 1:colcon.colcon_core.package_identification:_identify(/home/student/ros2_Ab) by extension 'ignore_ament_install'
[0.391s] Level 1:colcon.colcon_core.package_identification:_identify(/home/student/ros2_Ab) by extensions ['colcon_pkg']
[0.391s] Level 1:colcon.colcon_core.package_identification:_identify(/home/student/ros2_Ab) by extension 'colcon_pkg'
[0.391s] Level 1:colcon.colcon_core.package_identification:_identify(/home/student/ros2_Ab) by extensions ['colcon_meta']
[0.391s] Level 1:colcon.colcon_core.package_identification:_identify(/home/student/ros2_Ab) by extension 'colcon_meta'
[0.391s] Level 1:colcon.colcon_core.package_identification:_identify(/home/student/ros2_Ab) by extensions ['ros']
[0.391s] Level 1:colcon.colcon_core.package_identification:_identify(/home/student/ros2_Ab) by extension 'ros'
[0.405s] Level 1:colcon.colcon_core.package_identification:_identify(/home/student/ros2_Ab) by extensions ['cmake', 'python']
[0.405s] Level 1:colcon.colcon_core.package_identification:_identify(/home/student/ros2_Ab) by extension 'cmake'
[0.405s] Level 1:colcon.colcon_core.package_identification:_identify(/home/student/ros2_Ab) by extension 'python'
[0.405s] Level 1:colcon.colcon_core.package_identification:_identify(/home/student/ros2_Ab) by extensions ['python_setup_py']
[0.405s] Level 1:colcon.colcon_core.package_identification:_identify(/home/student/ros2_Ab) by extension 'python_setup_py'
[0.405s] Level 1:colcon.colcon_core.package_identification:_identify(/home/student/ros2_Ab/build) by extensions ['ignore', 'ignore_ament_install']
[0.405s] Level 1:colcon.colcon_core.package_identification:_identify(/home/student/ros2_Ab/build) by extension 'ignore'
[0.405s] Level 1:colcon.colcon_core.package_identification:_identify(/home/student/ros2_Ab/build) ignored
[0.405s] Level 1:colcon.colcon_core.package_identification:_identify(/home/student/ros2_Ab/install) by extensions ['ignore', 'ignore_ament_install']
[0.405s] Level 1:colcon.colcon_core.package_identification:_identify(/home/student/ros2_Ab/install) by extension 'ignore'
[0.406s] Level 1:colcon.colcon_core.package_identification:_identify(/home/student/ros2_Ab/install) ignored
[0.406s] Level 1:colcon.colcon_core.package_identification:_identify(/home/student/ros2_Ab/log) by extensions ['ignore', 'ignore_ament_install']
[0.406s] Level 1:colcon.colcon_core.package_identification:_identify(/home/student/ros2_Ab/log) by extension 'ignore'
[0.406s] Level 1:colcon.colcon_core.package_identification:_identify(/home/student/ros2_Ab/log) ignored
[0.406s] Level 1:colcon.colcon_core.package_identification:_identify(/home/student/ros2_Ab/src) by extensions ['ignore', 'ignore_ament_install']
[0.406s] Level 1:colcon.colcon_core.package_identification:_identify(/home/student/ros2_Ab/src) by extension 'ignore'
[0.406s] Level 1:colcon.colcon_core.package_identification:_identify(/home/student/ros2_Ab/src) by extension 'ignore_ament_install'
[0.406s] Level 1:colcon.colcon_core.package_identification:_identify(/home/student/ros2_Ab/src) by extensions ['colcon_pkg']
[0.406s] Level 1:colcon.colcon_core.package_identification:_identify(/home/student/ros2_Ab/src) by extension 'colcon_pkg'
[0.406s] Level 1:colcon.colcon_core.package_identification:_identify(/home/student/ros2_Ab/src) by extensions ['colcon_meta']
[0.406s] Level 1:colcon.colcon_core.package_identification:_identify(/home/student/ros2_Ab/src) by extension 'colcon_meta'
[0.406s] Level 1:colcon.colcon_core.package_identification:_identify(/home/student/ros2_Ab/src) by extensions ['ros']
[0.406s] Level 1:colcon.colcon_core.package_identification:_identify(/home/student/ros2_Ab/src) by extension 'ros'
[0.406s] Level 1:colcon.colcon_core.package_identification:_identify(/home/student/ros2_Ab/src) by extensions ['cmake', 'python']
[0.407s] Level 1:colcon.colcon_core.package_identification:_identify(/home/student/ros2_Ab/src) by extension 'cmake'
[0.407s] Level 1:colcon.colcon_core.package_identification:_identify(/home/student/ros2_Ab/src) by extension 'python'
[0.407s] Level 1:colcon.colcon_core.package_identification:_identify(/home/student/ros2_Ab/src) by extensions ['python_setup_py']
[0.407s] Level 1:colcon.colcon_core.package_identification:_identify(/home/student/ros2_Ab/src) by extension 'python_setup_py'
[0.407s] Level 1:colcon.colcon_core.package_identification:_identify(/home/student/ros2_Ab/src/camera_subscriber) by extensions ['ignore', 'ignore_ament_install']
[0.407s] Level 1:colcon.colcon_core.package_identification:_identify(/home/student/ros2_Ab/src/camera_subscriber) by extension 'ignore'
[0.407s] Level 1:colcon.colcon_core.package_identification:_identify(/home/student/ros2_Ab/src/camera_subscriber) by extension 'ignore_ament_install'
[0.407s] Level 1:colcon.colcon_core.package_identification:_identify(/home/student/ros2_Ab/src/camera_subscriber) by extensions ['colcon_pkg']
[0.407s] Level 1:colcon.colcon_core.package_identification:_identify(/home/student/ros2_Ab/src/camera_subscriber) by extension 'colcon_pkg'
[0.407s] Level 1:colcon.colcon_core.package_identification:_identify(/home/student/ros2_Ab/src/camera_subscriber) by extensions ['colcon_meta']
[0.407s] Level 1:colcon.colcon_core.package_identification:_identify(/home/student/ros2_Ab/src/camera_subscriber) by extension 'colcon_meta'
[0.407s] Level 1:colcon.colcon_core.package_identification:_identify(/home/student/ros2_Ab/src/camera_subscriber) by extensions ['ros']
[0.407s] Level 1:colcon.colcon_core.package_identification:_identify(/home/student/ros2_Ab/src/camera_subscriber) by extension 'ros'
[0.411s] DEBUG:colcon.colcon_core.package_identification:Package '/home/student/ros2_Ab/src/camera_subscriber' with type 'ros.ament_python' and name 'camera_subscriber'
[0.411s] Level 1:colcon.colcon_core.package_discovery:discover_packages(recursive) using defaults
